<?xml version="1.0" encoding="UTF-8"?>
<TestRun id="160cba01-ace7-46a8-82fa-1c10c00a6001" name="aromanelli@AROMANELLI 2014-05-14 09:01:10" runUser="CORP\aromanelli" xmlns="http://microsoft.com/schemas/VisualStudio/TeamTest/2010">
  <TestSettings name="Default Test Settings" id="5e8a2ce8-288a-4f90-9149-c6f49b2bf466">
    <Execution>
      <TestTypeSpecific />
      <AgentRule name="Execution Agents">
      </AgentRule>
    </Execution>
    <Deployment runDeploymentRoot="aromanelli_AROMANELLI 2014-05-14 09_01_10" />
    <Properties />
  </TestSettings>
  <Times creation="2014-05-14T09:01:10.6830104-04:00" queuing="2014-05-14T09:01:11.0910338-04:00" start="2014-05-14T09:01:11.1770387-04:00" finish="2014-05-14T09:01:11.4790560-04:00" />
  <ResultSummary outcome="Completed">
    <Counters total="1" executed="1" passed="1" error="0" failed="0" timeout="0" aborted="0" inconclusive="0" passedButRunAborted="0" notRunnable="0" notExecuted="0" disconnected="0" warning="0" completed="0" inProgress="0" pending="0" />
  </ResultSummary>
  <TestDefinitions>
    <UnitTest name="TestMethod1" storage="unittestproject1\bin\debug\unittestproject1.dll" id="5ea28b17-46ac-fb80-ff7b-70c1d360c9cf">
      <Execution id="3503ca9b-d724-4014-9a4f-7b194a275a27" />
      <TestMethod codeBase="C:/Users/aromanelli/Documents/GitHub/Testit/ConsoleApplication2/UnitTestProject1/bin/Debug/UnitTestProject1.DLL" adapterTypeName="Microsoft.VisualStudio.TestTools.TestTypes.Unit.UnitTestAdapter, Microsoft.VisualStudio.QualityTools.Tips.UnitTest.Adapter, Version=12.0.0.0, Culture=neutral, PublicKeyToken=b03f5f7f11d50a3a" className="Consoletest3.UnitTest1, UnitTestProject1, Version=1.0.0.0, Culture=neutral, PublicKeyToken=null" name="TestMethod1" />
    </UnitTest>
  </TestDefinitions>
  <TestLists>
    <TestList name="Results Not in a List" id="8c84fa94-04c1-424b-9868-57a2d4851a1d" />
    <TestList name="All Loaded Results" id="19431567-8539-422a-85d7-44ee4e166bda" />
  </TestLists>
  <TestEntries>
    <TestEntry testId="5ea28b17-46ac-fb80-ff7b-70c1d360c9cf" executionId="3503ca9b-d724-4014-9a4f-7b194a275a27" testListId="8c84fa94-04c1-424b-9868-57a2d4851a1d" />
  </TestEntries>
  <Results>
    <UnitTestResult executionId="3503ca9b-d724-4014-9a4f-7b194a275a27" testId="5ea28b17-46ac-fb80-ff7b-70c1d360c9cf" testName="TestMethod1" computerName="AROMANELLI" duration="00:00:00.0171485" startTime="2014-05-14T09:01:11.2060404-04:00" endTime="2014-05-14T09:01:11.4220527-04:00" testType="13cdc9d9-ddb5-4fa4-a97d-d965ccfc6d4b" outcome="Passed" testListId="8c84fa94-04c1-424b-9868-57a2d4851a1d" relativeResultsDirectory="3503ca9b-d724-4014-9a4f-7b194a275a27">
    </UnitTestResult>
  </Results>
</TestRun>